<?xml version="1.0" encoding="UTF-8"?>
<!-- Generated by org.testng.reporters.JUnitReportReporter -->
<testsuite skipped="0" hostname="qaint" name="clo.RefundCalcReturn" tests="6" failures="0" timestamp="10 Mar 2020 16:31:39 GMT" time="383.615" errors="0">
  <testcase name="bankAppReturnfor333" time="66.052" classname="clo.RefundCalcReturn"/>
  <testcase name="refundCalcReturn" time="51.822" classname="clo.RefundCalcReturn"/>
  <testcase name="interviewModeReturn" time="61.186" classname="clo.RefundCalcReturn"/>
  <testcase name="trainingModeReturn" time="53.505" classname="clo.RefundCalcReturn"/>
  <testcase name="addaReturn" time="121.515" classname="clo.RefundCalcReturn"/>
  <testcase name="complexRefundcalcReturn" time="29.535" classname="clo.RefundCalcReturn"/>
</testsuite> <!-- clo.RefundCalcReturn -->
