<?xml version="1.0" encoding="UTF-8"?>
<!-- Generated by org.testng.reporters.JUnitReportReporter -->
<testsuite skipped="0" hostname="qaint" name="clo.LoginPage" tests="4" failures="0" timestamp="07 Aug 2020 17:41:37 GMT" time="44.394" errors="0">
  <testcase name="checkLogin" time="14.844" classname="clo.LoginPage"/>
  <testcase name="checkAppointments" time="21.206" classname="clo.LoginPage"/>
  <testcase name="checkMessages" time="8.342" classname="clo.LoginPage"/>
  <testcase name="testChecks" time="0.002" classname="clo.LoginPage"/>
</testsuite> <!-- clo.LoginPage -->
