<?xml version="1.0" encoding="UTF-8"?>
<!-- Generated by org.testng.reporters.JUnitReportReporter -->
<testsuite skipped="0" hostname="qaint" name="clo.AddaNewPreparer" tests="1" failures="0" timestamp="07 Aug 2020 17:33:36 GMT" time="12.333" errors="0">
  <testcase name="adddeleteaprep" time="12.333" classname="clo.AddaNewPreparer"/>
</testsuite> <!-- clo.AddaNewPreparer -->
