<?xml version="1.0" encoding="UTF-8"?>
<!-- Generated by org.testng.reporters.JUnitReportReporter -->
<testsuite skipped="0" hostname="qaint" name="clo.AccountSettings" tests="6" failures="0" timestamp="07 Aug 2020 17:41:37 GMT" time="32.193" errors="0">
  <testcase name="switchYear" time="10.205" classname="clo.AccountSettings"/>
  <testcase name="changePasswordCancel" time="4.179" classname="clo.AccountSettings"/>
  <testcase name="toggleTrainingMode" time="3.654" classname="clo.AccountSettings"/>
  <testcase name="toggleTrainingModeOff" time="3.658" classname="clo.AccountSettings"/>
  <testcase name="captureSignature" time="8.537" classname="clo.AccountSettings"/>
  <testcase name="loginSettings" time="1.960" classname="clo.AccountSettings"/>
</testsuite> <!-- clo.AccountSettings -->
